[2022-02-16T17:54:14.746] [WARN] dev - ruta inexistente! Método: GET Ruta: /pages/undefined
[2022-02-16T19:02:40.715] [WARN] dev - ruta inexistente! Método: GET Ruta: /favicon.ico
[2022-02-17T15:25:13.673] [WARN] dev - ruta inexistente! Método: GET Ruta: /favicon.ico
[2022-02-17T17:55:10.259] [WARN] dev - ruta inexistente! Método: GET Ruta: /newPet?petName=pupi&petPassword=123
[2022-02-21T17:34:17.499] [WARN] dev - ruta inexistente! Método: GET Ruta: /favicon.ico
[2022-02-23T18:42:00.061] [WARN] dev - ruta inexistente! Método: GET Ruta: /favicon.ico
[2022-02-23T18:50:27.509] [WARN] dev - ruta inexistente! Método: GET Ruta: /pages/undefined
[2022-02-26T18:17:40.729] [WARN] dev - ruta inexistente! Método: GET Ruta: /favicon.ico
[2022-02-26T18:46:04.394] [WARN] dev - ruta inexistente! Método: GET Ruta: /failed-register
[2022-02-26T18:50:48.676] [WARN] dev - ruta inexistente! Método: GET Ruta: /public/pages/signupError.html
[2022-02-26T20:09:59.140] [WARN] dev - ruta inexistente! Método: GET Ruta: /public/pages/signupError.html
[2022-02-26T21:18:04.574] [WARN] dev - ruta inexistente! Método: GET Ruta: /favicon.ico
[2022-02-26T21:29:37.127] [WARN] dev - ruta inexistente! Método: GET Ruta: /favicon.ico
[2022-02-28T17:33:32.532] [WARN] dev - ruta inexistente! Método: GET Ruta: /favicon.ico
[2022-02-28T19:42:27.007] [WARN] dev - ruta inexistente! Método: GET Ruta: /pages/undefined
[2022-02-28T19:42:47.827] [WARN] dev - ruta inexistente! Método: GET Ruta: /pages/undefined
[2022-02-28T19:45:41.603] [WARN] dev - ruta inexistente! Método: GET Ruta: /pages/undefined
[2022-02-28T19:46:07.618] [WARN] dev - ruta inexistente! Método: GET Ruta: /pages/undefined
[2022-02-28T19:46:28.114] [WARN] dev - ruta inexistente! Método: GET Ruta: /pages/undefined
[2022-02-28T21:25:07.015] [WARN] dev - ruta inexistente! Método: GET Ruta: /pages/undefined
[2022-02-28T22:44:20.691] [WARN] dev - ruta inexistente! Método: GET Ruta: /pages/undefined
[2022-02-28T22:48:03.571] [WARN] dev - ruta inexistente! Método: GET Ruta: /pages/undefined
[2022-03-01T15:25:41.031] [WARN] dev - ruta inexistente! Método: GET Ruta: /favicon.ico
[2022-03-01T15:26:26.274] [WARN] dev - ruta inexistente! Método: GET Ruta: /pages/undefined
